
VCFtools - 0.1.15
(C) Adam Auton and Anthony Marcketta 2009

Parameters as interpreted:
	--gzvcf example/input/merged_chr1_10000.vcf.gz
	--keep Paniscus.txt
	--het
	--stdout

Using zlib version: 1.2.8
Keeping individuals in 'keep' list
After filtering, kept 13 out of 38 Individuals
Outputting Individual Heterozygosity
	Individual Heterozygosity: Only using fully diploid SNPs.
	Individual Heterozygosity: Only using biallelic SNPs.
After filtering, kept 10000 out of a possible 10000 Sites
Run Time = 0.00 seconds

VCFtools - 0.1.15
(C) Adam Auton and Anthony Marcketta 2009

Parameters as interpreted:
	--gzvcf example/input/merged_chr1_10000.vcf.gz
	--keep Troglodytes.txt
	--het
	--stdout

Using zlib version: 1.2.8
Keeping individuals in 'keep' list
After filtering, kept 4 out of 38 Individuals
Outputting Individual Heterozygosity
	Individual Heterozygosity: Only using fully diploid SNPs.
	Individual Heterozygosity: Only using biallelic SNPs.
After filtering, kept 10000 out of a possible 10000 Sites
Run Time = 0.00 seconds
