PLINK v1.90b5.3 64-bit (21 Feb 2018)
Options in effect:
  --out nonbinary_fileset
  --recode
  --vcf chr22_uk10k_10s_pop.vcf.gz

Hostname: CST-BIOLB060L
Working directory: /home/aewebb/Repositories/PPP/andrew
Start time: Mon Mar  5 14:08:23 2018

Random number seed: 1520276903
16040 MB RAM detected; reserving 8020 MB for main workspace.
--vcf: nonbinary_fileset-temporary.bed + nonbinary_fileset-temporary.bim +
nonbinary_fileset-temporary.fam written.
201492 variants loaded from .bim file.
20 people (0 males, 0 females, 20 ambiguous) loaded from .fam.
Ambiguous sex IDs written to nonbinary_fileset.nosex .
Using 1 thread (no multithreaded calculations invoked).
Before main variant filters, 20 founders and 0 nonfounders present.
Calculating allele frequencies... done.
201492 variants and 20 people pass filters and QC.
Note: No phenotypes present.
--recode ped to nonbinary_fileset.ped + nonbinary_fileset.map ... done.

End time: Mon Mar  5 14:08:24 2018
